# JRE version: OpenJDK Runtime Environment (8.0_402-b06) (build 1.8.0_402-b06)
# Java VM: OpenJDK 64-Bit Server VM (25.402-b06 mixed mode windows-amd64 compressed oops)
Heap:
 PSYoungGen      total 141824K, used 18893K [0x000000076b200000, 0x000000077c700000, 0x00000007c0000000)
  eden space 131072K, 14% used [0x000000076b200000,0x000000076c4737f0,0x0000000773200000)
  from space 10752K, 0% used [0x0000000773200000,0x0000000773200000,0x0000000773c80000)
  to   space 10752K, 0% used [0x000000077bc80000,0x000000077bc80000,0x000000077c700000)
 ParOldGen       total 135168K, used 17088K [0x00000006c1600000, 0x00000006c9a00000, 0x000000076b200000)
  object space 135168K, 12% used [0x00000006c1600000,0x00000006c26b0338,0x00000006c9a00000)
 Metaspace       used 21887K, capacity 22204K, committed 22400K, reserved 1069056K
  class space    used 2754K, capacity 2852K, committed 2944K, reserved 1048576K
GC Heap History (8 events):
Event: 0.535 GC heap before
{Heap before GC invocations=1 (full 0):
 PSYoungGen      total 76288K, used 65536K [0x000000076b200000, 0x0000000770700000, 0x00000007c0000000)
  eden space 65536K, 100% used [0x000000076b200000,0x000000076f200000,0x000000076f200000)
  from space 10752K, 0% used [0x000000076fc80000,0x000000076fc80000,0x0000000770700000)
  to   space 10752K, 0% used [0x000000076f200000,0x000000076f200000,0x000000076fc80000)
 ParOldGen       total 175104K, used 0K [0x00000006c1600000, 0x00000006cc100000, 0x000000076b200000)
  object space 175104K, 0% used [0x00000006c1600000,0x00000006c1600000,0x00000006cc100000)
 Metaspace       used 10016K, capacity 10192K, committed 10368K, reserved 1058816K
  class space    used 1195K, capacity 1288K, committed 1408K, reserved 1048576K
Event: 0.541 GC heap after
Heap after GC invocations=1 (full 0):
 PSYoungGen      total 76288K, used 10734K [0x000000076b200000, 0x0000000774700000, 0x00000007c0000000)
  eden space 65536K, 0% used [0x000000076b200000,0x000000076b200000,0x000000076f200000)
  from space 10752K, 99% used [0x000000076f200000,0x000000076fc7b950,0x000000076fc80000)
  to   space 10752K, 0% used [0x0000000773c80000,0x0000000773c80000,0x0000000774700000)
 ParOldGen       total 175104K, used 6908K [0x00000006c1600000, 0x00000006cc100000, 0x000000076b200000)
  object space 175104K, 3% used [0x00000006c1600000,0x00000006c1cbf228,0x00000006cc100000)
 Metaspace       used 10016K, capacity 10192K, committed 10368K, reserved 1058816K
  class space    used 1195K, capacity 1288K, committed 1408K, reserved 1048576K
}
Event: 1.090 GC heap before
{Heap before GC invocations=2 (full 0):
 PSYoungGen      total 76288K, used 76270K [0x000000076b200000, 0x0000000774700000, 0x00000007c0000000)
  eden space 65536K, 100% used [0x000000076b200000,0x000000076f200000,0x000000076f200000)
  from space 10752K, 99% used [0x000000076f200000,0x000000076fc7b950,0x000000076fc80000)
  to   space 10752K, 0% used [0x0000000773c80000,0x0000000773c80000,0x0000000774700000)
 ParOldGen       total 175104K, used 6908K [0x00000006c1600000, 0x00000006cc100000, 0x000000076b200000)
  object space 175104K, 3% used [0x00000006c1600000,0x00000006c1cbf228,0x00000006cc100000)
 Metaspace       used 17638K, capacity 17810K, committed 18048K, reserved 1064960K
  class space    used 2236K, capacity 2323K, committed 2432K, reserved 1048576K
Event: 1.098 GC heap after
Heap after GC invocations=2 (full 0):
 PSYoungGen      total 141824K, used 10751K [0x000000076b200000, 0x0000000774700000, 0x00000007c0000000)
  eden space 131072K, 0% used [0x000000076b200000,0x000000076b200000,0x0000000773200000)
  from space 10752K, 99% used [0x0000000773c80000,0x00000007746fff88,0x0000000774700000)
  to   space 10752K, 0% used [0x0000000773200000,0x0000000773200000,0x0000000773c80000)
 ParOldGen       total 175104K, used 16409K [0x00000006c1600000, 0x00000006cc100000, 0x000000076b200000)
  object space 175104K, 9% used [0x00000006c1600000,0x00000006c26066d0,0x00000006cc100000)
 Metaspace       used 17638K, capacity 17810K, committed 18048K, reserved 1064960K
  class space    used 2236K, capacity 2323K, committed 2432K, reserved 1048576K
}
Event: 1.599 GC heap before
{Heap before GC invocations=3 (full 0):
 PSYoungGen      total 141824K, used 47987K [0x000000076b200000, 0x0000000774700000, 0x00000007c0000000)
  eden space 131072K, 28% used [0x000000076b200000,0x000000076d65cca8,0x0000000773200000)
  from space 10752K, 99% used [0x0000000773c80000,0x00000007746fff88,0x0000000774700000)
  to   space 10752K, 0% used [0x0000000773200000,0x0000000773200000,0x0000000773c80000)
 ParOldGen       total 175104K, used 16409K [0x00000006c1600000, 0x00000006cc100000, 0x000000076b200000)
  object space 175104K, 9% used [0x00000006c1600000,0x00000006c26066d0,0x00000006cc100000)
 Metaspace       used 20780K, capacity 21040K, committed 21248K, reserved 1067008K
  class space    used 2633K, capacity 2722K, committed 2816K, reserved 1048576K
Event: 1.606 GC heap after
Heap after GC invocations=3 (full 0):
 PSYoungGen      total 141824K, used 10727K [0x000000076b200000, 0x000000077c700000, 0x00000007c0000000)
  eden space 131072K, 0% used [0x000000076b200000,0x000000076b200000,0x0000000773200000)
  from space 10752K, 99% used [0x0000000773200000,0x0000000773c79df8,0x0000000773c80000)
  to   space 10752K, 0% used [0x000000077bc80000,0x000000077bc80000,0x000000077c700000)
 ParOldGen       total 175104K, used 21417K [0x00000006c1600000, 0x00000006cc100000, 0x000000076b200000)
  object space 175104K, 12% used [0x00000006c1600000,0x00000006c2aea498,0x00000006cc100000)
 Metaspace       used 20780K, capacity 21040K, committed 21248K, reserved 1067008K
  class space    used 2633K, capacity 2722K, committed 2816K, reserved 1048576K
}
Event: 1.606 GC heap before
{Heap before GC invocations=4 (full 1):
 PSYoungGen      total 141824K, used 10727K [0x000000076b200000, 0x000000077c700000, 0x00000007c0000000)
  eden space 131072K, 0% used [0x000000076b200000,0x000000076b200000,0x0000000773200000)
  from space 10752K, 99% used [0x0000000773200000,0x0000000773c79df8,0x0000000773c80000)
  to   space 10752K, 0% used [0x000000077bc80000,0x000000077bc80000,0x000000077c700000)
 ParOldGen       total 175104K, used 21417K [0x00000006c1600000, 0x00000006cc100000, 0x000000076b200000)
  object space 175104K, 12% used [0x00000006c1600000,0x00000006c2aea498,0x00000006cc100000)
 Metaspace       used 20780K, capacity 21040K, committed 21248K, reserved 1067008K
  class space    used 2633K, capacity 2722K, committed 2816K, reserved 1048576K
Event: 1.641 GC heap after
Heap after GC invocations=4 (full 1):
 PSYoungGen      total 141824K, used 0K [0x000000076b200000, 0x000000077c700000, 0x00000007c0000000)
  eden space 131072K, 0% used [0x000000076b200000,0x000000076b200000,0x0000000773200000)
  from space 10752K, 0% used [0x0000000773200000,0x0000000773200000,0x0000000773c80000)
  to   space 10752K, 0% used [0x000000077bc80000,0x000000077bc80000,0x000000077c700000)
 ParOldGen       total 135168K, used 17088K [0x00000006c1600000, 0x00000006c9a00000, 0x000000076b200000)
  object space 135168K, 12% used [0x00000006c1600000,0x00000006c26b0338,0x00000006c9a00000)
 Metaspace       used 20780K, capacity 21040K, committed 21248K, reserved 1067008K
  class space    used 2633K, capacity 2722K, committed 2816K, reserved 1048576K
}

